[00:42:33] [main/INFO]: Using mbed TLS based native cipher.
[00:42:33] [main/INFO]: Using zlib based native compressor.
[00:42:33] [main/INFO]: Enabled Waterfall version git:Waterfall-Bootstrap:1.19-R0.1-SNAPSHOT:f6069e2:513
[00:42:33] [main/INFO]: Not on Windows, attempting to use enhanced EpollEventLoop
[00:42:33] [main/INFO]: Epoll is working, utilising it!
[00:42:33] [main/INFO]: Discovered module: ModuleSpec(name=cmd_alert, file=modules/cmd_alert.jar, provider=JenkinsModuleSource())
[00:42:33] [main/INFO]: Discovered module: ModuleSpec(name=cmd_find, file=modules/cmd_find.jar, provider=JenkinsModuleSource())
[00:42:33] [main/INFO]: Discovered module: ModuleSpec(name=cmd_list, file=modules/cmd_list.jar, provider=JenkinsModuleSource())
[00:42:33] [main/INFO]: Discovered module: ModuleSpec(name=cmd_send, file=modules/cmd_send.jar, provider=JenkinsModuleSource())
[00:42:33] [main/INFO]: Discovered module: ModuleSpec(name=cmd_server, file=modules/cmd_server.jar, provider=JenkinsModuleSource())
[00:42:33] [main/INFO]: Discovered module: ModuleSpec(name=reconnect_yaml, file=modules/reconnect_yaml.jar, provider=JenkinsModuleSource())
[00:42:33] [main/INFO]: Attempting to update plugin from null to ModuleVersion(build=513, git=f6069e2)
[00:42:33] [main/INFO]: Attempting to Jenkins download module cmd_alert v513
[00:42:34] [main/INFO]: Download complete
[00:42:34] [main/INFO]: Attempting to update plugin from null to ModuleVersion(build=513, git=f6069e2)
[00:42:34] [main/INFO]: Attempting to Jenkins download module cmd_find v513
[00:42:34] [main/INFO]: Download complete
[00:42:34] [main/INFO]: Attempting to update plugin from null to ModuleVersion(build=513, git=f6069e2)
[00:42:34] [main/INFO]: Attempting to Jenkins download module cmd_list v513
[00:42:34] [main/INFO]: Download complete
[00:42:34] [main/INFO]: Attempting to update plugin from null to ModuleVersion(build=513, git=f6069e2)
[00:42:34] [main/INFO]: Attempting to Jenkins download module cmd_send v513
[00:42:34] [main/INFO]: Download complete
[00:42:34] [main/INFO]: Attempting to update plugin from null to ModuleVersion(build=513, git=f6069e2)
[00:42:34] [main/INFO]: Attempting to Jenkins download module cmd_server v513
[00:42:34] [main/INFO]: Download complete
[00:42:34] [main/INFO]: Attempting to update plugin from null to ModuleVersion(build=513, git=f6069e2)
[00:42:34] [main/INFO]: Attempting to Jenkins download module reconnect_yaml v513
[00:42:34] [main/INFO]: Download complete
[00:42:34] [main/INFO]: Loaded plugin reconnect_yaml version git:reconnect_yaml:1.19-R0.1-SNAPSHOT:f6069e2:513 by WaterfallMC
[00:42:34] [main/INFO]: Loaded plugin cmd_find version git:cmd_find:1.19-R0.1-SNAPSHOT:f6069e2:513 by WaterfallMC
[00:42:34] [main/INFO]: Loaded plugin cmd_server version git:cmd_server:1.19-R0.1-SNAPSHOT:f6069e2:513 by WaterfallMC
[00:42:34] [main/INFO]: Loaded plugin cmd_alert version git:cmd_alert:1.19-R0.1-SNAPSHOT:f6069e2:513 by WaterfallMC
[00:42:34] [main/INFO]: Loaded plugin cmd_send version git:cmd_send:1.19-R0.1-SNAPSHOT:f6069e2:513 by WaterfallMC
[00:42:34] [main/INFO]: Loaded plugin cmd_list version git:cmd_list:1.19-R0.1-SNAPSHOT:f6069e2:513 by WaterfallMC
[00:42:34] [main/WARN]: :>:>:>:>:>:>:>:>:>:>:>:>:>:>:>:>:>:>:>:>:>:>:>
[00:42:34] [main/WARN]: :>  
[00:42:34] [main/WARN]: :>      EAGLERCRAFTXBUNGEE WARNING:
[00:42:34] [main/WARN]: :>  
[00:42:34] [main/WARN]: :>  This plugin wasn't tested to be 'working'
[00:42:34] [main/WARN]: :>  with ANY version of BungeeCord (and forks)
[00:42:34] [main/WARN]: :>  apart from the versions listed below:
[00:42:34] [main/WARN]: :>  
[00:42:34] [main/WARN]: :>  - BungeeCord: 1.20-R0.2-SNAPSHOT:231024b:1777
[00:42:34] [main/WARN]: :>  - Waterfall: 1.20-R0.2-SNAPSHOT:d85fe36:556
[00:42:34] [main/WARN]: :>  - FlameCord: 1.1.1
[00:42:34] [main/WARN]: :>  
[00:42:34] [main/WARN]: :>  This is not a Bukkit/Spigot plugin!
[00:42:34] [main/WARN]: :>  
[00:42:34] [main/WARN]: :>  Use "-Deaglerxbungee.stfu=true" to hide
[00:42:34] [main/WARN]: :>  
[00:42:34] [main/WARN]: :>:>:>:>:>:>:>:>:>:>:>:>:>:>:>:>:>:>:>:>:>:>:>
[00:42:34] [main/INFO] [EaglercraftXBungee]: Loading vanilla profile: lax1dude
[00:42:34] [Skin Download Thread #1/INFO] [EaglercraftXBungee]: Loaded vanilla profile: lax1dude
[00:42:34] [main/INFO]: Loaded plugin EaglercraftXBungee version 1.0.9 by lax1dude
[00:42:34] [main/WARN]: Forced host server pvp is not defined
[00:42:34] [main/INFO]: Enabled plugin reconnect_yaml version git:reconnect_yaml:1.19-R0.1-SNAPSHOT:f6069e2:513 by WaterfallMC
[00:42:34] [main/INFO]: Enabled plugin cmd_find version git:cmd_find:1.19-R0.1-SNAPSHOT:f6069e2:513 by WaterfallMC
[00:42:34] [main/INFO]: Enabled plugin cmd_server version git:cmd_server:1.19-R0.1-SNAPSHOT:f6069e2:513 by WaterfallMC
[00:42:34] [main/INFO]: Enabled plugin cmd_alert version git:cmd_alert:1.19-R0.1-SNAPSHOT:f6069e2:513 by WaterfallMC
[00:42:34] [main/INFO]: Enabled plugin cmd_send version git:cmd_send:1.19-R0.1-SNAPSHOT:f6069e2:513 by WaterfallMC
[00:42:34] [main/INFO]: Enabled plugin cmd_list version git:cmd_list:1.19-R0.1-SNAPSHOT:f6069e2:513 by WaterfallMC
[00:42:34] [main/ERROR] [EaglercraftXBungee]: Online mode is set to false! Authentication system has been disabled
[00:42:34] [Netty Worker IO Thread #0/INFO] [EaglercraftXBungee]: Eaglercraft is listening on: /0.0.0.0:8081
[00:42:34] [main/INFO] [EaglercraftXBungee]: Connected to database: jdbc:sqlite:eaglercraft_skins_cache.db
[00:42:34] [main/INFO]: Enabled plugin EaglercraftXBungee version 1.0.9 by lax1dude
[00:42:34] [Netty Boss IO Thread #0/INFO]: Listening on /127.0.0.1:25577
[00:46:26] [Netty Worker IO Thread #2/WARN] [EaglercraftXBungee]: Server icon is not a file: /workspaces/Eaglercraft-server/bungee/server-icon.png
[00:46:31] [Netty Worker IO Thread #3/INFO] [EaglercraftXBungee]: [/[0:0:0:0:0:0:0:1%0]:50864]: Connected via websocket
[00:46:31] [Netty Worker IO Thread #3/INFO] [EaglercraftXBungee]: [/[0:0:0:0:0:0:0:1%0]:50864]: Origin header is http://localhost:8081
[00:46:31] [Netty Worker IO Thread #3/INFO] [EaglercraftXBungee]: [/[0:0:0:0:0:0:0:1%0]:50864]: Logged in as 'YeeYeeler391'
[00:46:31] [Netty Worker IO Thread #3/INFO]: [/[0:0:0:0:0:0:0:1%0]:50864|YeeYeeler391] -> UpstreamBridge has connected
[00:46:31] [Netty Worker IO Thread #3/WARN]: Error occurred processing connection for YeeYeeler391 AnnotatedConnectException : finishConnect(..) failed: Connection refused: localhost/127.0.0.1:25565
[00:46:31] [Netty Worker IO Thread #3/INFO]: [YeeYeeler391] disconnected with: Could not connect to a default or fallback server. Incorrectly configured address/port/firewall? 
[00:46:31] [Netty Worker IO Thread #3/INFO]: [/[0:0:0:0:0:0:0:1%0]:50864|YeeYeeler391] -> UpstreamBridge has disconnected
[00:48:30] [Netty Worker IO Thread #3/INFO] [EaglercraftXBungee]: [/[0:0:0:0:0:0:0:1%0]:48186]: Connected via websocket
[00:48:30] [Netty Worker IO Thread #3/INFO] [EaglercraftXBungee]: [/[0:0:0:0:0:0:0:1%0]:48186]: Origin header is http://localhost:8081
[00:48:30] [Netty Worker IO Thread #3/INFO] [EaglercraftXBungee]: [/[0:0:0:0:0:0:0:1%0]:48186]: Logged in as 'YeeYeeler391'
[00:48:30] [Netty Worker IO Thread #3/INFO]: [/[0:0:0:0:0:0:0:1%0]:48186|YeeYeeler391] -> UpstreamBridge has connected
[00:48:30] [Netty Worker IO Thread #3/WARN]: Error occurred processing connection for YeeYeeler391 AnnotatedConnectException : finishConnect(..) failed: Connection refused: localhost/127.0.0.1:25565
[00:48:30] [Netty Worker IO Thread #3/INFO]: [YeeYeeler391] disconnected with: Could not connect to a default or fallback server. Incorrectly configured address/port/firewall? 
[00:48:30] [Netty Worker IO Thread #3/INFO]: [/[0:0:0:0:0:0:0:1%0]:48186|YeeYeeler391] -> UpstreamBridge has disconnected
